ERROR - 2024-01-26 19:26:11 --> Table 'perpustakaan.pegawai' doesn't exist
CRITICAL - 2024-01-26 19:26:11 --> Call to a member function getRow() on bool
#0 C:\xampp\htdocs\perpustakaan\app\Controllers\DM.php(268): App\Models\M_model->edit_pp('pegawai', Array)
#1 C:\xampp\htdocs\perpustakaan\system\CodeIgniter.php(832): App\Controllers\DM->profile_petugas()
#2 C:\xampp\htdocs\perpustakaan\system\CodeIgniter.php(419): CodeIgniter\CodeIgniter->runController(Object(App\Controllers\DM))
#3 C:\xampp\htdocs\perpustakaan\system\CodeIgniter.php(326): CodeIgniter\CodeIgniter->handleRequest(NULL, Object(Config\Cache), false)
#4 C:\xampp\htdocs\perpustakaan\public\index.php(37): CodeIgniter\CodeIgniter->run()
#5 C:\xampp\htdocs\perpustakaan\system\Commands\Server\rewrite.php(43): require_once('C:\\xampp\\htdocs...')
#6 {main}
ERROR - 2024-01-26 19:26:33 --> Table 'perpustakaan.pegawai' doesn't exist
CRITICAL - 2024-01-26 19:26:33 --> Call to a member function getRow() on bool
#0 C:\xampp\htdocs\perpustakaan\app\Controllers\DM.php(268): App\Models\M_model->edit_pp('pegawai', Array)
#1 C:\xampp\htdocs\perpustakaan\system\CodeIgniter.php(832): App\Controllers\DM->profile_petugas()
#2 C:\xampp\htdocs\perpustakaan\system\CodeIgniter.php(419): CodeIgniter\CodeIgniter->runController(Object(App\Controllers\DM))
#3 C:\xampp\htdocs\perpustakaan\system\CodeIgniter.php(326): CodeIgniter\CodeIgniter->handleRequest(NULL, Object(Config\Cache), false)
#4 C:\xampp\htdocs\perpustakaan\public\index.php(37): CodeIgniter\CodeIgniter->run()
#5 C:\xampp\htdocs\perpustakaan\system\Commands\Server\rewrite.php(43): require_once('C:\\xampp\\htdocs...')
#6 {main}
ERROR - 2024-01-26 19:26:51 --> Table 'perpustakaan.pegawai' doesn't exist
CRITICAL - 2024-01-26 19:26:51 --> Call to a member function getRow() on bool
#0 C:\xampp\htdocs\perpustakaan\app\Controllers\DM.php(268): App\Models\M_model->edit_pp('pegawai', Array)
#1 C:\xampp\htdocs\perpustakaan\system\CodeIgniter.php(832): App\Controllers\DM->profile_petugas()
#2 C:\xampp\htdocs\perpustakaan\system\CodeIgniter.php(419): CodeIgniter\CodeIgniter->runController(Object(App\Controllers\DM))
#3 C:\xampp\htdocs\perpustakaan\system\CodeIgniter.php(326): CodeIgniter\CodeIgniter->handleRequest(NULL, Object(Config\Cache), false)
#4 C:\xampp\htdocs\perpustakaan\public\index.php(37): CodeIgniter\CodeIgniter->run()
#5 C:\xampp\htdocs\perpustakaan\system\Commands\Server\rewrite.php(43): require_once('C:\\xampp\\htdocs...')
#6 {main}
CRITICAL - 2024-01-26 20:09:05 --> Call to a member function isValid() on null
#0 C:\xampp\htdocs\perpustakaan\system\CodeIgniter.php(832): App\Controllers\DM->aksi_ganti_profile_pengguna()
#1 C:\xampp\htdocs\perpustakaan\system\CodeIgniter.php(419): CodeIgniter\CodeIgniter->runController(Object(App\Controllers\DM))
#2 C:\xampp\htdocs\perpustakaan\system\CodeIgniter.php(326): CodeIgniter\CodeIgniter->handleRequest(NULL, Object(Config\Cache), false)
#3 C:\xampp\htdocs\perpustakaan\public\index.php(37): CodeIgniter\CodeIgniter->run()
#4 C:\xampp\htdocs\perpustakaan\system\Commands\Server\rewrite.php(43): require_once('C:\\xampp\\htdocs...')
#5 {main}
CRITICAL - 2024-01-26 20:14:13 --> Invalid file: my_account/password.php
#0 C:\xampp\htdocs\perpustakaan\system\View\View.php(198): CodeIgniter\Exceptions\FrameworkException::forInvalidFile('my_account/pass...')
#1 C:\xampp\htdocs\perpustakaan\system\Common.php(1089): CodeIgniter\View\View->render('my_account/pass...', Array, true)
#2 C:\xampp\htdocs\perpustakaan\app\Controllers\DM.php(434): view('my_account/pass...', Array)
#3 C:\xampp\htdocs\perpustakaan\system\CodeIgniter.php(832): App\Controllers\DM->ganti_pw()
#4 C:\xampp\htdocs\perpustakaan\system\CodeIgniter.php(419): CodeIgniter\CodeIgniter->runController(Object(App\Controllers\DM))
#5 C:\xampp\htdocs\perpustakaan\system\CodeIgniter.php(326): CodeIgniter\CodeIgniter->handleRequest(NULL, Object(Config\Cache), false)
#6 C:\xampp\htdocs\perpustakaan\public\index.php(37): CodeIgniter\CodeIgniter->run()
#7 C:\xampp\htdocs\perpustakaan\system\Commands\Server\rewrite.php(43): require_once('C:\\xampp\\htdocs...')
#8 {main}
CRITICAL - 2024-01-26 21:14:03 --> syntax error, unexpected end of file, expecting function (T_FUNCTION) or const (T_CONST)
#0 C:\xampp\htdocs\perpustakaan\system\Router\Router.php(175): CodeIgniter\Router\Router->autoRoute('E_Perpus/tambah')
#1 C:\xampp\htdocs\perpustakaan\system\CodeIgniter.php(726): CodeIgniter\Router\Router->handle('E_Perpus/tambah')
#2 C:\xampp\htdocs\perpustakaan\system\CodeIgniter.php(368): CodeIgniter\CodeIgniter->tryToRouteIt(Object(CodeIgniter\Router\RouteCollection))
#3 C:\xampp\htdocs\perpustakaan\system\CodeIgniter.php(326): CodeIgniter\CodeIgniter->handleRequest(NULL, Object(Config\Cache), false)
#4 C:\xampp\htdocs\perpustakaan\public\index.php(37): CodeIgniter\CodeIgniter->run()
#5 C:\xampp\htdocs\perpustakaan\system\Commands\Server\rewrite.php(43): require_once('C:\\xampp\\htdocs...')
#6 {main}
CRITICAL - 2024-01-26 22:22:41 --> syntax error, unexpected 'endforeach' (T_ENDFOREACH)
#0 C:\xampp\htdocs\perpustakaan\system\View\View.php(213): CodeIgniter\View\View->CodeIgniter\View\{closure}()
#1 C:\xampp\htdocs\perpustakaan\system\Common.php(1089): CodeIgniter\View\View->render('buku/buku', Array, true)
#2 C:\xampp\htdocs\perpustakaan\app\Controllers\E_Perpus.php(22): view('buku/buku')
#3 C:\xampp\htdocs\perpustakaan\system\CodeIgniter.php(832): App\Controllers\E_Perpus->buku()
#4 C:\xampp\htdocs\perpustakaan\system\CodeIgniter.php(419): CodeIgniter\CodeIgniter->runController(Object(App\Controllers\E_Perpus))
#5 C:\xampp\htdocs\perpustakaan\system\CodeIgniter.php(326): CodeIgniter\CodeIgniter->handleRequest(NULL, Object(Config\Cache), false)
#6 C:\xampp\htdocs\perpustakaan\public\index.php(37): CodeIgniter\CodeIgniter->run()
#7 C:\xampp\htdocs\perpustakaan\system\Commands\Server\rewrite.php(43): require_once('C:\\xampp\\htdocs...')
#8 {main}
CRITICAL - 2024-01-26 22:23:08 --> syntax error, unexpected 'endforeach' (T_ENDFOREACH)
#0 C:\xampp\htdocs\perpustakaan\system\View\View.php(213): CodeIgniter\View\View->CodeIgniter\View\{closure}()
#1 C:\xampp\htdocs\perpustakaan\system\Common.php(1089): CodeIgniter\View\View->render('buku/buku', Array, true)
#2 C:\xampp\htdocs\perpustakaan\app\Controllers\E_Perpus.php(22): view('buku/buku')
#3 C:\xampp\htdocs\perpustakaan\system\CodeIgniter.php(832): App\Controllers\E_Perpus->buku()
#4 C:\xampp\htdocs\perpustakaan\system\CodeIgniter.php(419): CodeIgniter\CodeIgniter->runController(Object(App\Controllers\E_Perpus))
#5 C:\xampp\htdocs\perpustakaan\system\CodeIgniter.php(326): CodeIgniter\CodeIgniter->handleRequest(NULL, Object(Config\Cache), false)
#6 C:\xampp\htdocs\perpustakaan\public\index.php(37): CodeIgniter\CodeIgniter->run()
#7 C:\xampp\htdocs\perpustakaan\system\Commands\Server\rewrite.php(43): require_once('C:\\xampp\\htdocs...')
#8 {main}
CRITICAL - 2024-01-26 23:43:29 --> Too few arguments to function App\Controllers\E_Perpus::hapus_masuk(), 0 passed in C:\xampp\htdocs\perpustakaan\system\CodeIgniter.php on line 832 and exactly 1 expected
#0 C:\xampp\htdocs\perpustakaan\system\CodeIgniter.php(832): App\Controllers\E_Perpus->hapus_masuk()
#1 C:\xampp\htdocs\perpustakaan\system\CodeIgniter.php(419): CodeIgniter\CodeIgniter->runController(Object(App\Controllers\E_Perpus))
#2 C:\xampp\htdocs\perpustakaan\system\CodeIgniter.php(326): CodeIgniter\CodeIgniter->handleRequest(NULL, Object(Config\Cache), false)
#3 C:\xampp\htdocs\perpustakaan\public\index.php(37): CodeIgniter\CodeIgniter->run()
#4 C:\xampp\htdocs\perpustakaan\system\Commands\Server\rewrite.php(43): require_once('C:\\xampp\\htdocs...')
#5 {main}
CRITICAL - 2024-01-26 23:43:55 --> Too few arguments to function App\Controllers\E_Perpus::hapus_masuk(), 0 passed in C:\xampp\htdocs\perpustakaan\system\CodeIgniter.php on line 832 and exactly 1 expected
#0 C:\xampp\htdocs\perpustakaan\system\CodeIgniter.php(832): App\Controllers\E_Perpus->hapus_masuk()
#1 C:\xampp\htdocs\perpustakaan\system\CodeIgniter.php(419): CodeIgniter\CodeIgniter->runController(Object(App\Controllers\E_Perpus))
#2 C:\xampp\htdocs\perpustakaan\system\CodeIgniter.php(326): CodeIgniter\CodeIgniter->handleRequest(NULL, Object(Config\Cache), false)
#3 C:\xampp\htdocs\perpustakaan\public\index.php(37): CodeIgniter\CodeIgniter->run()
#4 C:\xampp\htdocs\perpustakaan\system\Commands\Server\rewrite.php(43): require_once('C:\\xampp\\htdocs...')
#5 {main}
CRITICAL - 2024-01-26 23:44:42 --> Too few arguments to function App\Controllers\E_Perpus::hapus_masuk(), 0 passed in C:\xampp\htdocs\perpustakaan\system\CodeIgniter.php on line 832 and exactly 1 expected
#0 C:\xampp\htdocs\perpustakaan\system\CodeIgniter.php(832): App\Controllers\E_Perpus->hapus_masuk()
#1 C:\xampp\htdocs\perpustakaan\system\CodeIgniter.php(419): CodeIgniter\CodeIgniter->runController(Object(App\Controllers\E_Perpus))
#2 C:\xampp\htdocs\perpustakaan\system\CodeIgniter.php(326): CodeIgniter\CodeIgniter->handleRequest(NULL, Object(Config\Cache), false)
#3 C:\xampp\htdocs\perpustakaan\public\index.php(37): CodeIgniter\CodeIgniter->run()
#4 C:\xampp\htdocs\perpustakaan\system\Commands\Server\rewrite.php(43): require_once('C:\\xampp\\htdocs...')
#5 {main}
