CRITICAL - 2024-01-24 05:26:13 --> Invalid file: layout/menu .php
#0 C:\xampp\htdocs\perpustakaan\system\View\View.php(198): CodeIgniter\Exceptions\FrameworkException::forInvalidFile('layout/menu .ph...')
#1 C:\xampp\htdocs\perpustakaan\system\Common.php(1089): CodeIgniter\View\View->render('layout/menu ', Array, true)
#2 C:\xampp\htdocs\perpustakaan\app\Controllers\Home.php(10): view('layout/menu ')
#3 C:\xampp\htdocs\perpustakaan\system\CodeIgniter.php(832): App\Controllers\Home->index()
#4 C:\xampp\htdocs\perpustakaan\system\CodeIgniter.php(419): CodeIgniter\CodeIgniter->runController(Object(App\Controllers\Home))
#5 C:\xampp\htdocs\perpustakaan\system\CodeIgniter.php(326): CodeIgniter\CodeIgniter->handleRequest(NULL, Object(Config\Cache), false)
#6 C:\xampp\htdocs\perpustakaan\public\index.php(37): CodeIgniter\CodeIgniter->run()
#7 C:\xampp\htdocs\perpustakaan\system\Commands\Server\rewrite.php(43): require_once('C:\\xampp\\htdocs...')
#8 {main}
CRITICAL - 2024-01-24 05:26:33 --> Invalid file: layout/menu .php
#0 C:\xampp\htdocs\perpustakaan\system\View\View.php(198): CodeIgniter\Exceptions\FrameworkException::forInvalidFile('layout/menu .ph...')
#1 C:\xampp\htdocs\perpustakaan\system\Common.php(1089): CodeIgniter\View\View->render('layout/menu ', Array, true)
#2 C:\xampp\htdocs\perpustakaan\app\Controllers\Home.php(10): view('layout/menu ')
#3 C:\xampp\htdocs\perpustakaan\system\CodeIgniter.php(832): App\Controllers\Home->index()
#4 C:\xampp\htdocs\perpustakaan\system\CodeIgniter.php(419): CodeIgniter\CodeIgniter->runController(Object(App\Controllers\Home))
#5 C:\xampp\htdocs\perpustakaan\system\CodeIgniter.php(326): CodeIgniter\CodeIgniter->handleRequest(NULL, Object(Config\Cache), false)
#6 C:\xampp\htdocs\perpustakaan\public\index.php(37): CodeIgniter\CodeIgniter->run()
#7 C:\xampp\htdocs\perpustakaan\system\Commands\Server\rewrite.php(43): require_once('C:\\xampp\\htdocs...')
#8 {main}
CRITICAL - 2024-01-24 05:26:34 --> Invalid file: layout/menu .php
#0 C:\xampp\htdocs\perpustakaan\system\View\View.php(198): CodeIgniter\Exceptions\FrameworkException::forInvalidFile('layout/menu .ph...')
#1 C:\xampp\htdocs\perpustakaan\system\Common.php(1089): CodeIgniter\View\View->render('layout/menu ', Array, true)
#2 C:\xampp\htdocs\perpustakaan\app\Controllers\Home.php(10): view('layout/menu ')
#3 C:\xampp\htdocs\perpustakaan\system\CodeIgniter.php(832): App\Controllers\Home->index()
#4 C:\xampp\htdocs\perpustakaan\system\CodeIgniter.php(419): CodeIgniter\CodeIgniter->runController(Object(App\Controllers\Home))
#5 C:\xampp\htdocs\perpustakaan\system\CodeIgniter.php(326): CodeIgniter\CodeIgniter->handleRequest(NULL, Object(Config\Cache), false)
#6 C:\xampp\htdocs\perpustakaan\public\index.php(37): CodeIgniter\CodeIgniter->run()
#7 C:\xampp\htdocs\perpustakaan\system\Commands\Server\rewrite.php(43): require_once('C:\\xampp\\htdocs...')
#8 {main}
CRITICAL - 2024-01-24 05:26:52 --> Invalid file: layout/menu .php
#0 C:\xampp\htdocs\perpustakaan\system\View\View.php(198): CodeIgniter\Exceptions\FrameworkException::forInvalidFile('layout/menu .ph...')
#1 C:\xampp\htdocs\perpustakaan\system\Common.php(1089): CodeIgniter\View\View->render('layout/menu ', Array, true)
#2 C:\xampp\htdocs\perpustakaan\app\Controllers\Home.php(10): view('layout/menu ')
#3 C:\xampp\htdocs\perpustakaan\system\CodeIgniter.php(832): App\Controllers\Home->index()
#4 C:\xampp\htdocs\perpustakaan\system\CodeIgniter.php(419): CodeIgniter\CodeIgniter->runController(Object(App\Controllers\Home))
#5 C:\xampp\htdocs\perpustakaan\system\CodeIgniter.php(326): CodeIgniter\CodeIgniter->handleRequest(NULL, Object(Config\Cache), false)
#6 C:\xampp\htdocs\perpustakaan\public\index.php(37): CodeIgniter\CodeIgniter->run()
#7 C:\xampp\htdocs\perpustakaan\system\Commands\Server\rewrite.php(43): require_once('C:\\xampp\\htdocs...')
#8 {main}
CRITICAL - 2024-01-24 05:26:53 --> Invalid file: layout/menu .php
#0 C:\xampp\htdocs\perpustakaan\system\View\View.php(198): CodeIgniter\Exceptions\FrameworkException::forInvalidFile('layout/menu .ph...')
#1 C:\xampp\htdocs\perpustakaan\system\Common.php(1089): CodeIgniter\View\View->render('layout/menu ', Array, true)
#2 C:\xampp\htdocs\perpustakaan\app\Controllers\Home.php(10): view('layout/menu ')
#3 C:\xampp\htdocs\perpustakaan\system\CodeIgniter.php(832): App\Controllers\Home->index()
#4 C:\xampp\htdocs\perpustakaan\system\CodeIgniter.php(419): CodeIgniter\CodeIgniter->runController(Object(App\Controllers\Home))
#5 C:\xampp\htdocs\perpustakaan\system\CodeIgniter.php(326): CodeIgniter\CodeIgniter->handleRequest(NULL, Object(Config\Cache), false)
#6 C:\xampp\htdocs\perpustakaan\public\index.php(37): CodeIgniter\CodeIgniter->run()
#7 C:\xampp\htdocs\perpustakaan\system\Commands\Server\rewrite.php(43): require_once('C:\\xampp\\htdocs...')
#8 {main}
CRITICAL - 2024-01-24 22:24:57 --> Class 'App\Models\M_model' not found
#0 C:\xampp\htdocs\perpustakaan\system\CodeIgniter.php(832): App\Controllers\Home->index()
#1 C:\xampp\htdocs\perpustakaan\system\CodeIgniter.php(419): CodeIgniter\CodeIgniter->runController(Object(App\Controllers\Home))
#2 C:\xampp\htdocs\perpustakaan\system\CodeIgniter.php(326): CodeIgniter\CodeIgniter->handleRequest(NULL, Object(Config\Cache), false)
#3 C:\xampp\htdocs\perpustakaan\public\index.php(37): CodeIgniter\CodeIgniter->run()
#4 C:\xampp\htdocs\perpustakaan\system\Commands\Server\rewrite.php(43): require_once('C:\\xampp\\htdocs...')
#5 {main}
CRITICAL - 2024-01-24 22:24:57 --> Class 'App\Models\M_model' not found
#0 C:\xampp\htdocs\perpustakaan\system\CodeIgniter.php(832): App\Controllers\Home->index()
#1 C:\xampp\htdocs\perpustakaan\system\CodeIgniter.php(419): CodeIgniter\CodeIgniter->runController(Object(App\Controllers\Home))
#2 C:\xampp\htdocs\perpustakaan\system\CodeIgniter.php(326): CodeIgniter\CodeIgniter->handleRequest(NULL, Object(Config\Cache), false)
#3 C:\xampp\htdocs\perpustakaan\public\index.php(37): CodeIgniter\CodeIgniter->run()
#4 C:\xampp\htdocs\perpustakaan\system\Commands\Server\rewrite.php(43): require_once('C:\\xampp\\htdocs...')
#5 {main}
